[1.539s] DEBUG:colcon:Command line arguments: ['/usr/bin/colcon', 'build']
[1.539s] DEBUG:colcon:Parsed command line arguments: Namespace(log_base=None, log_level=None, verb_name='build', build_base='build', install_base='install', merge_install=False, symlink_install=False, test_result_base=None, continue_on_error=False, executor='parallel', parallel_workers=12, event_handlers=None, ignore_user_meta=False, metas=['./colcon.meta'], base_paths=['.'], packages_ignore=None, packages_ignore_regex=None, paths=None, packages_up_to=None, packages_up_to_regex=None, packages_above=None, packages_above_and_dependencies=None, packages_above_depth=None, packages_select_by_dep=None, packages_skip_by_dep=None, packages_skip_up_to=None, packages_select_build_failed=False, packages_skip_build_finished=False, packages_select_test_failures=False, packages_skip_test_passed=False, packages_select=None, packages_skip=None, packages_select_regex=None, packages_skip_regex=None, packages_start=None, packages_end=None, allow_overriding=[], cmake_args=None, cmake_target=None, cmake_target_skip_unavailable=False, cmake_clean_cache=False, cmake_clean_first=False, cmake_force_configure=False, ament_cmake_args=None, catkin_cmake_args=None, catkin_skip_building_tests=False, verb_parser=<colcon_defaults.argument_parser.defaults.DefaultArgumentsDecorator object at 0x7bb2c1357f70>, verb_extension=<colcon_core.verb.build.BuildVerb object at 0x7bb2c1357e50>, main=<bound method BuildVerb.main of <colcon_core.verb.build.BuildVerb object at 0x7bb2c1357e50>>)
[1.638s] Level 1:colcon.colcon_core.package_discovery:discover_packages(colcon_meta) check parameters
[1.638s] Level 1:colcon.colcon_core.package_discovery:discover_packages(recursive) check parameters
[1.638s] Level 1:colcon.colcon_core.package_discovery:discover_packages(ignore) check parameters
[1.638s] Level 1:colcon.colcon_core.package_discovery:discover_packages(path) check parameters
[1.638s] Level 1:colcon.colcon_core.package_discovery:discover_packages(colcon_meta) discover
[1.638s] Level 1:colcon.colcon_core.package_discovery:discover_packages(recursive) discover
[1.638s] INFO:colcon.colcon_core.package_discovery:Crawling recursively for packages in '/home/emilio/open_cv_example'
[1.638s] Level 1:colcon.colcon_core.package_identification:_identify(.) by extensions ['ignore', 'ignore_ament_install']
[1.639s] Level 1:colcon.colcon_core.package_identification:_identify(.) by extension 'ignore'
[1.639s] Level 1:colcon.colcon_core.package_identification:_identify(.) by extension 'ignore_ament_install'
[1.639s] Level 1:colcon.colcon_core.package_identification:_identify(.) by extensions ['colcon_pkg']
[1.639s] Level 1:colcon.colcon_core.package_identification:_identify(.) by extension 'colcon_pkg'
[1.639s] Level 1:colcon.colcon_core.package_identification:_identify(.) by extensions ['colcon_meta']
[1.639s] Level 1:colcon.colcon_core.package_identification:_identify(.) by extension 'colcon_meta'
[1.639s] Level 1:colcon.colcon_core.package_identification:_identify(.) by extensions ['ros']
[1.639s] Level 1:colcon.colcon_core.package_identification:_identify(.) by extension 'ros'
[1.659s] DEBUG:colcon.colcon_core.package_identification:Package '.' with type 'ros.ament_python' and name 'open_cv_example'
[1.659s] Level 1:colcon.colcon_core.package_discovery:discover_packages(recursive) using defaults
[1.659s] Level 1:colcon.colcon_core.package_discovery:discover_packages(ignore) discover
[1.659s] Level 1:colcon.colcon_core.package_discovery:discover_packages(ignore) using defaults
[1.660s] Level 1:colcon.colcon_core.package_discovery:discover_packages(path) discover
[1.660s] Level 1:colcon.colcon_core.package_discovery:discover_packages(path) using defaults
[1.795s] Level 1:colcon.colcon_core.package_discovery:discover_packages(prefix_path) check parameters
[1.795s] Level 1:colcon.colcon_core.package_discovery:discover_packages(prefix_path) discover
[1.912s] DEBUG:colcon.colcon_installed_package_information.package_discovery:Found 3 installed packages in /home/emilio/ros2_utilities_ws/install
[1.928s] DEBUG:colcon.colcon_installed_package_information.package_discovery:Found 6 installed packages in /home/emilio/ros2_ws/install
[1.947s] DEBUG:colcon.colcon_installed_package_information.package_discovery:Found 10 installed packages in /home/emilio/dev_ws/install
[1.962s] DEBUG:colcon.colcon_installed_package_information.package_discovery:Found 341 installed packages in /opt/ros/humble
[1.963s] Level 1:colcon.colcon_core.package_discovery:discover_packages(prefix_path) using defaults
[2.422s] Level 5:colcon.colcon_core.verb:set package 'open_cv_example' build argument 'cmake_args' from command line to 'None'
[2.422s] Level 5:colcon.colcon_core.verb:set package 'open_cv_example' build argument 'cmake_target' from command line to 'None'
[2.422s] Level 5:colcon.colcon_core.verb:set package 'open_cv_example' build argument 'cmake_target_skip_unavailable' from command line to 'False'
[2.422s] Level 5:colcon.colcon_core.verb:set package 'open_cv_example' build argument 'cmake_clean_cache' from command line to 'False'
[2.422s] Level 5:colcon.colcon_core.verb:set package 'open_cv_example' build argument 'cmake_clean_first' from command line to 'False'
[2.422s] Level 5:colcon.colcon_core.verb:set package 'open_cv_example' build argument 'cmake_force_configure' from command line to 'False'
[2.422s] Level 5:colcon.colcon_core.verb:set package 'open_cv_example' build argument 'ament_cmake_args' from command line to 'None'
[2.422s] Level 5:colcon.colcon_core.verb:set package 'open_cv_example' build argument 'catkin_cmake_args' from command line to 'None'
[2.422s] Level 5:colcon.colcon_core.verb:set package 'open_cv_example' build argument 'catkin_skip_building_tests' from command line to 'False'
[2.422s] DEBUG:colcon.colcon_core.verb:Building package 'open_cv_example' with the following arguments: {'ament_cmake_args': None, 'build_base': '/home/emilio/open_cv_example/build/open_cv_example', 'catkin_cmake_args': None, 'catkin_skip_building_tests': False, 'cmake_args': None, 'cmake_clean_cache': False, 'cmake_clean_first': False, 'cmake_force_configure': False, 'cmake_target': None, 'cmake_target_skip_unavailable': False, 'install_base': '/home/emilio/open_cv_example/install/open_cv_example', 'merge_install': False, 'path': '/home/emilio/open_cv_example', 'symlink_install': False, 'test_result_base': None}
[2.434s] INFO:colcon.colcon_core.executor:Executing jobs using 'parallel' executor
[2.448s] DEBUG:colcon.colcon_parallel_executor.executor.parallel:run_until_complete
[2.448s] INFO:colcon.colcon_ros.task.ament_python.build:Building ROS package in '/home/emilio/open_cv_example' with build type 'ament_python'
[2.448s] Level 1:colcon.colcon_core.shell:create_environment_hook('open_cv_example', 'ament_prefix_path')
[2.634s] INFO:colcon.colcon_core.plugin_system:Skipping extension 'colcon_core.shell.bat': Not used on non-Windows systems
[2.634s] INFO:colcon.colcon_core.shell:Creating environment hook '/home/emilio/open_cv_example/install/open_cv_example/share/open_cv_example/hook/ament_prefix_path.ps1'
[2.672s] INFO:colcon.colcon_core.shell:Creating environment descriptor '/home/emilio/open_cv_example/install/open_cv_example/share/open_cv_example/hook/ament_prefix_path.dsv'
[2.689s] INFO:colcon.colcon_core.shell:Creating environment hook '/home/emilio/open_cv_example/install/open_cv_example/share/open_cv_example/hook/ament_prefix_path.sh'
[2.732s] INFO:colcon.colcon_core.shell:Skip shell extension 'powershell' for command environment: Not usable outside of PowerShell
[2.732s] DEBUG:colcon.colcon_core.shell:Skip shell extension 'dsv' for command environment
[3.246s] INFO:colcon.colcon_core.task.python.build:Building Python package in '/home/emilio/open_cv_example'
[3.260s] INFO:colcon.colcon_core.shell:Skip shell extension 'powershell' for command environment: Not usable outside of PowerShell
[3.260s] DEBUG:colcon.colcon_core.shell:Skip shell extension 'dsv' for command environment
[4.917s] DEBUG:colcon.colcon_core.event_handler.log_command:Invoking command in '/home/emilio/open_cv_example': PYTHONPATH=/home/emilio/open_cv_example/build/open_cv_example/prefix_override:/home/emilio/open_cv_example/install/open_cv_example/lib/python3.10/site-packages:${PYTHONPATH} /usr/bin/python3 setup.py egg_info --egg-base build/open_cv_example build --build-base /home/emilio/open_cv_example/build/open_cv_example/build install --record /home/emilio/open_cv_example/build/open_cv_example/install.log --single-version-externally-managed
[5.170s] DEBUG:colcon.colcon_core.event_handler.log_command:Invoked command in '/home/emilio/open_cv_example' returned '0': PYTHONPATH=/home/emilio/open_cv_example/build/open_cv_example/prefix_override:/home/emilio/open_cv_example/install/open_cv_example/lib/python3.10/site-packages:${PYTHONPATH} /usr/bin/python3 setup.py egg_info --egg-base build/open_cv_example build --build-base /home/emilio/open_cv_example/build/open_cv_example/build install --record /home/emilio/open_cv_example/build/open_cv_example/install.log --single-version-externally-managed
[5.255s] Level 1:colcon.colcon_core.environment:checking '/home/emilio/open_cv_example/install/open_cv_example' for CMake module files
[5.257s] Level 1:colcon.colcon_core.environment:checking '/home/emilio/open_cv_example/install/open_cv_example' for CMake config files
[5.260s] Level 1:colcon.colcon_core.environment:checking '/home/emilio/open_cv_example/install/open_cv_example/lib'
[5.261s] Level 1:colcon.colcon_core.environment:checking '/home/emilio/open_cv_example/install/open_cv_example/bin'
[5.261s] Level 1:colcon.colcon_core.environment:checking '/home/emilio/open_cv_example/install/open_cv_example/lib/pkgconfig/open_cv_example.pc'
[5.262s] Level 1:colcon.colcon_core.environment:checking '/home/emilio/open_cv_example/install/open_cv_example/lib/python3.10/site-packages'
[5.262s] Level 1:colcon.colcon_core.shell:create_environment_hook('open_cv_example', 'pythonpath')
[5.298s] INFO:colcon.colcon_core.shell:Creating environment hook '/home/emilio/open_cv_example/install/open_cv_example/share/open_cv_example/hook/pythonpath.ps1'
[5.299s] INFO:colcon.colcon_core.shell:Creating environment descriptor '/home/emilio/open_cv_example/install/open_cv_example/share/open_cv_example/hook/pythonpath.dsv'
[5.299s] INFO:colcon.colcon_core.shell:Creating environment hook '/home/emilio/open_cv_example/install/open_cv_example/share/open_cv_example/hook/pythonpath.sh'
[5.300s] Level 1:colcon.colcon_core.environment:checking '/home/emilio/open_cv_example/install/open_cv_example/bin'
[5.300s] Level 1:colcon.colcon_core.environment:create_environment_scripts_only(open_cv_example)
[5.316s] INFO:colcon.colcon_core.shell:Creating package script '/home/emilio/open_cv_example/install/open_cv_example/share/open_cv_example/package.ps1'
[5.316s] INFO:colcon.colcon_core.shell:Creating package descriptor '/home/emilio/open_cv_example/install/open_cv_example/share/open_cv_example/package.dsv'
[5.317s] INFO:colcon.colcon_core.shell:Creating package script '/home/emilio/open_cv_example/install/open_cv_example/share/open_cv_example/package.sh'
[5.318s] INFO:colcon.colcon_core.shell:Creating package script '/home/emilio/open_cv_example/install/open_cv_example/share/open_cv_example/package.bash'
[5.360s] INFO:colcon.colcon_core.shell:Creating package script '/home/emilio/open_cv_example/install/open_cv_example/share/open_cv_example/package.zsh'
[5.373s] Level 1:colcon.colcon_core.environment:create_file_with_runtime_dependencies(/home/emilio/open_cv_example/install/open_cv_example/share/colcon-core/packages/open_cv_example)
[5.374s] DEBUG:colcon.colcon_parallel_executor.executor.parallel:closing loop
[5.374s] DEBUG:colcon.colcon_parallel_executor.executor.parallel:loop closed
[5.375s] DEBUG:colcon.colcon_parallel_executor.executor.parallel:run_until_complete finished with '0'
[5.375s] DEBUG:colcon.colcon_core.event_reactor:joining thread
[5.469s] INFO:colcon.colcon_core.plugin_system:Skipping extension 'colcon_notification.desktop_notification.terminal_notifier': Not used on non-Darwin systems
[5.469s] INFO:colcon.colcon_core.plugin_system:Skipping extension 'colcon_notification.desktop_notification.win32': Not used on non-Windows systems
[5.469s] INFO:colcon.colcon_notification.desktop_notification:Sending desktop notification using 'notify2'
[5.497s] DEBUG:colcon.colcon_core.event_reactor:joined thread
[5.517s] INFO:colcon.colcon_core.shell:Creating prefix script '/home/emilio/open_cv_example/install/local_setup.ps1'
[5.518s] INFO:colcon.colcon_core.shell:Creating prefix util module '/home/emilio/open_cv_example/install/_local_setup_util_ps1.py'
[5.519s] INFO:colcon.colcon_core.shell:Creating prefix chain script '/home/emilio/open_cv_example/install/setup.ps1'
[5.535s] INFO:colcon.colcon_core.shell:Creating prefix script '/home/emilio/open_cv_example/install/local_setup.sh'
[5.536s] INFO:colcon.colcon_core.shell:Creating prefix util module '/home/emilio/open_cv_example/install/_local_setup_util_sh.py'
[5.536s] INFO:colcon.colcon_core.shell:Creating prefix chain script '/home/emilio/open_cv_example/install/setup.sh'
[5.551s] INFO:colcon.colcon_core.shell:Creating prefix script '/home/emilio/open_cv_example/install/local_setup.bash'
[5.551s] INFO:colcon.colcon_core.shell:Creating prefix chain script '/home/emilio/open_cv_example/install/setup.bash'
[5.566s] INFO:colcon.colcon_core.shell:Creating prefix script '/home/emilio/open_cv_example/install/local_setup.zsh'
[5.566s] INFO:colcon.colcon_core.shell:Creating prefix chain script '/home/emilio/open_cv_example/install/setup.zsh'
