[0.764s] Invoking command in '/home/emilio/open_cv_example': PYTHONPATH=/home/emilio/open_cv_example/build/open_cv_example/prefix_override:/home/emilio/open_cv_example/install/open_cv_example/lib/python3.10/site-packages:${PYTHONPATH} /usr/bin/python3 setup.py egg_info --egg-base build/open_cv_example build --build-base /home/emilio/open_cv_example/build/open_cv_example/build install --record /home/emilio/open_cv_example/build/open_cv_example/install.log --single-version-externally-managed
[0.994s] running egg_info
[0.994s] writing build/open_cv_example/open_cv_example.egg-info/PKG-INFO
[0.994s] writing dependency_links to build/open_cv_example/open_cv_example.egg-info/dependency_links.txt
[0.995s] writing entry points to build/open_cv_example/open_cv_example.egg-info/entry_points.txt
[0.995s] writing requirements to build/open_cv_example/open_cv_example.egg-info/requires.txt
[0.995s] writing top-level names to build/open_cv_example/open_cv_example.egg-info/top_level.txt
[0.996s] reading manifest file 'build/open_cv_example/open_cv_example.egg-info/SOURCES.txt'
[0.996s] adding license file 'LICENSE'
[0.997s] writing manifest file 'build/open_cv_example/open_cv_example.egg-info/SOURCES.txt'
[0.997s] running build
[0.997s] running build_py
[0.998s] running install
[0.998s] running install_lib
[0.999s] running install_data
[0.999s] running install_egg_info
[1.001s] removing '/home/emilio/open_cv_example/install/open_cv_example/lib/python3.10/site-packages/open_cv_example-0.0.0-py3.10.egg-info' (and everything under it)
[1.001s] Copying build/open_cv_example/open_cv_example.egg-info to /home/emilio/open_cv_example/install/open_cv_example/lib/python3.10/site-packages/open_cv_example-0.0.0-py3.10.egg-info
[1.002s] running install_scripts
[1.018s] Installing camara script to /home/emilio/open_cv_example/install/open_cv_example/lib/open_cv_example
[1.019s] Installing cv_example script to /home/emilio/open_cv_example/install/open_cv_example/lib/open_cv_example
[1.019s] writing list of installed files to '/home/emilio/open_cv_example/build/open_cv_example/install.log'
[1.039s] Invoked command in '/home/emilio/open_cv_example' returned '0': PYTHONPATH=/home/emilio/open_cv_example/build/open_cv_example/prefix_override:/home/emilio/open_cv_example/install/open_cv_example/lib/python3.10/site-packages:${PYTHONPATH} /usr/bin/python3 setup.py egg_info --egg-base build/open_cv_example build --build-base /home/emilio/open_cv_example/build/open_cv_example/build install --record /home/emilio/open_cv_example/build/open_cv_example/install.log --single-version-externally-managed
