[0.744s] Invoking command in '/home/emilio/open_cv_example': PYTHONPATH=/home/emilio/open_cv_example/build/open_cv_example/prefix_override:/home/emilio/open_cv_example/install/open_cv_example/lib/python3.10/site-packages:${PYTHONPATH} /usr/bin/python3 setup.py egg_info --egg-base build/open_cv_example build --build-base /home/emilio/open_cv_example/build/open_cv_example/build install --record /home/emilio/open_cv_example/build/open_cv_example/install.log --single-version-externally-managed
[0.950s] running egg_info
[0.950s] writing build/open_cv_example/open_cv_example.egg-info/PKG-INFO
[0.950s] writing dependency_links to build/open_cv_example/open_cv_example.egg-info/dependency_links.txt
[0.950s] writing entry points to build/open_cv_example/open_cv_example.egg-info/entry_points.txt
[0.951s] writing requirements to build/open_cv_example/open_cv_example.egg-info/requires.txt
[0.951s] writing top-level names to build/open_cv_example/open_cv_example.egg-info/top_level.txt
[0.952s] reading manifest file 'build/open_cv_example/open_cv_example.egg-info/SOURCES.txt'
[0.952s] adding license file 'LICENSE'
[0.953s] writing manifest file 'build/open_cv_example/open_cv_example.egg-info/SOURCES.txt'
[0.953s] running build
[0.953s] running build_py
[0.953s] running install
[0.953s] running install_lib
[0.954s] running install_data
[0.955s] running install_egg_info
[0.956s] removing '/home/emilio/open_cv_example/install/open_cv_example/lib/python3.10/site-packages/open_cv_example-0.0.0-py3.10.egg-info' (and everything under it)
[0.956s] Copying build/open_cv_example/open_cv_example.egg-info to /home/emilio/open_cv_example/install/open_cv_example/lib/python3.10/site-packages/open_cv_example-0.0.0-py3.10.egg-info
[0.957s] running install_scripts
[0.971s] Installing camara script to /home/emilio/open_cv_example/install/open_cv_example/lib/open_cv_example
[0.972s] Installing camara_sub script to /home/emilio/open_cv_example/install/open_cv_example/lib/open_cv_example
[0.972s] Installing cv_example script to /home/emilio/open_cv_example/install/open_cv_example/lib/open_cv_example
[0.972s] Installing movimiento_camara script to /home/emilio/open_cv_example/install/open_cv_example/lib/open_cv_example
[0.972s] writing list of installed files to '/home/emilio/open_cv_example/build/open_cv_example/install.log'
[0.988s] Invoked command in '/home/emilio/open_cv_example' returned '0': PYTHONPATH=/home/emilio/open_cv_example/build/open_cv_example/prefix_override:/home/emilio/open_cv_example/install/open_cv_example/lib/python3.10/site-packages:${PYTHONPATH} /usr/bin/python3 setup.py egg_info --egg-base build/open_cv_example build --build-base /home/emilio/open_cv_example/build/open_cv_example/build install --record /home/emilio/open_cv_example/build/open_cv_example/install.log --single-version-externally-managed
