[2.469s] Invoking command in '/home/emilio/open_cv_example': PYTHONPATH=/home/emilio/open_cv_example/build/open_cv_example/prefix_override:/home/emilio/open_cv_example/install/open_cv_example/lib/python3.10/site-packages:${PYTHONPATH} /usr/bin/python3 setup.py egg_info --egg-base build/open_cv_example build --build-base /home/emilio/open_cv_example/build/open_cv_example/build install --record /home/emilio/open_cv_example/build/open_cv_example/install.log --single-version-externally-managed
[2.682s] running egg_info
[2.682s] writing build/open_cv_example/open_cv_example.egg-info/PKG-INFO
[2.682s] writing dependency_links to build/open_cv_example/open_cv_example.egg-info/dependency_links.txt
[2.683s] writing entry points to build/open_cv_example/open_cv_example.egg-info/entry_points.txt
[2.683s] writing requirements to build/open_cv_example/open_cv_example.egg-info/requires.txt
[2.683s] writing top-level names to build/open_cv_example/open_cv_example.egg-info/top_level.txt
[2.684s] reading manifest file 'build/open_cv_example/open_cv_example.egg-info/SOURCES.txt'
[2.684s] adding license file 'LICENSE'
[2.685s] writing manifest file 'build/open_cv_example/open_cv_example.egg-info/SOURCES.txt'
[2.685s] running build
[2.685s] running build_py
[2.685s] copying open_cv_example/camara.py -> /home/emilio/open_cv_example/build/open_cv_example/build/lib/open_cv_example
[2.686s] running install
[2.686s] running install_lib
[2.686s] copying /home/emilio/open_cv_example/build/open_cv_example/build/lib/open_cv_example/camara.py -> /home/emilio/open_cv_example/install/open_cv_example/lib/python3.10/site-packages/open_cv_example
[2.687s] byte-compiling /home/emilio/open_cv_example/install/open_cv_example/lib/python3.10/site-packages/open_cv_example/camara.py to camara.cpython-310.pyc
[2.688s] running install_data
[2.689s] running install_egg_info
[2.690s] removing '/home/emilio/open_cv_example/install/open_cv_example/lib/python3.10/site-packages/open_cv_example-0.0.0-py3.10.egg-info' (and everything under it)
[2.690s] Copying build/open_cv_example/open_cv_example.egg-info to /home/emilio/open_cv_example/install/open_cv_example/lib/python3.10/site-packages/open_cv_example-0.0.0-py3.10.egg-info
[2.691s] running install_scripts
[2.706s] Installing camara script to /home/emilio/open_cv_example/install/open_cv_example/lib/open_cv_example
[2.706s] Installing camara_sub script to /home/emilio/open_cv_example/install/open_cv_example/lib/open_cv_example
[2.707s] Installing cv_example script to /home/emilio/open_cv_example/install/open_cv_example/lib/open_cv_example
[2.707s] Installing movimiento_camara script to /home/emilio/open_cv_example/install/open_cv_example/lib/open_cv_example
[2.707s] writing list of installed files to '/home/emilio/open_cv_example/build/open_cv_example/install.log'
[2.722s] Invoked command in '/home/emilio/open_cv_example' returned '0': PYTHONPATH=/home/emilio/open_cv_example/build/open_cv_example/prefix_override:/home/emilio/open_cv_example/install/open_cv_example/lib/python3.10/site-packages:${PYTHONPATH} /usr/bin/python3 setup.py egg_info --egg-base build/open_cv_example build --build-base /home/emilio/open_cv_example/build/open_cv_example/build install --record /home/emilio/open_cv_example/build/open_cv_example/install.log --single-version-externally-managed
