[0.751s] Invoking command in '/home/emilio/open_cv_example': PYTHONPATH=/home/emilio/open_cv_example/build/open_cv_example/prefix_override:/home/emilio/open_cv_example/install/open_cv_example/lib/python3.10/site-packages:${PYTHONPATH} /usr/bin/python3 setup.py egg_info --egg-base build/open_cv_example build --build-base /home/emilio/open_cv_example/build/open_cv_example/build install --record /home/emilio/open_cv_example/build/open_cv_example/install.log --single-version-externally-managed
[0.957s] running egg_info
[0.958s] writing build/open_cv_example/open_cv_example.egg-info/PKG-INFO
[0.958s] writing dependency_links to build/open_cv_example/open_cv_example.egg-info/dependency_links.txt
[0.958s] writing entry points to build/open_cv_example/open_cv_example.egg-info/entry_points.txt
[0.958s] writing requirements to build/open_cv_example/open_cv_example.egg-info/requires.txt
[0.958s] writing top-level names to build/open_cv_example/open_cv_example.egg-info/top_level.txt
[0.959s] reading manifest file 'build/open_cv_example/open_cv_example.egg-info/SOURCES.txt'
[0.959s] adding license file 'LICENSE'
[0.960s] writing manifest file 'build/open_cv_example/open_cv_example.egg-info/SOURCES.txt'
[0.960s] running build
[0.960s] running build_py
[0.961s] copying open_cv_example/camara.py -> /home/emilio/open_cv_example/build/open_cv_example/build/lib/open_cv_example
[0.961s] running install
[0.961s] running install_lib
[0.961s] copying /home/emilio/open_cv_example/build/open_cv_example/build/lib/open_cv_example/camara.py -> /home/emilio/open_cv_example/install/open_cv_example/lib/python3.10/site-packages/open_cv_example
[0.962s] byte-compiling /home/emilio/open_cv_example/install/open_cv_example/lib/python3.10/site-packages/open_cv_example/camara.py to camara.cpython-310.pyc
[0.963s] running install_data
[0.963s] running install_egg_info
[0.964s] removing '/home/emilio/open_cv_example/install/open_cv_example/lib/python3.10/site-packages/open_cv_example-0.0.0-py3.10.egg-info' (and everything under it)
[0.965s] Copying build/open_cv_example/open_cv_example.egg-info to /home/emilio/open_cv_example/install/open_cv_example/lib/python3.10/site-packages/open_cv_example-0.0.0-py3.10.egg-info
[0.965s] running install_scripts
[0.980s] Installing camara script to /home/emilio/open_cv_example/install/open_cv_example/lib/open_cv_example
[0.980s] Installing cv_example script to /home/emilio/open_cv_example/install/open_cv_example/lib/open_cv_example
[0.980s] writing list of installed files to '/home/emilio/open_cv_example/build/open_cv_example/install.log'
[0.996s] Invoked command in '/home/emilio/open_cv_example' returned '0': PYTHONPATH=/home/emilio/open_cv_example/build/open_cv_example/prefix_override:/home/emilio/open_cv_example/install/open_cv_example/lib/python3.10/site-packages:${PYTHONPATH} /usr/bin/python3 setup.py egg_info --egg-base build/open_cv_example build --build-base /home/emilio/open_cv_example/build/open_cv_example/build install --record /home/emilio/open_cv_example/build/open_cv_example/install.log --single-version-externally-managed
