[3.269s] Invoking command in '/home/emilio/open_cv_example': PYTHONPATH=/home/emilio/open_cv_example/build/open_cv_example/prefix_override:/home/emilio/open_cv_example/install/open_cv_example/lib/python3.10/site-packages:${PYTHONPATH} /usr/bin/python3 setup.py egg_info --egg-base build/open_cv_example build --build-base /home/emilio/open_cv_example/build/open_cv_example/build install --record /home/emilio/open_cv_example/build/open_cv_example/install.log --single-version-externally-managed
[3.492s] running egg_info
[3.492s] writing build/open_cv_example/open_cv_example.egg-info/PKG-INFO
[3.512s] writing dependency_links to build/open_cv_example/open_cv_example.egg-info/dependency_links.txt
[3.512s] writing entry points to build/open_cv_example/open_cv_example.egg-info/entry_points.txt
[3.513s] writing requirements to build/open_cv_example/open_cv_example.egg-info/requires.txt
[3.513s] writing top-level names to build/open_cv_example/open_cv_example.egg-info/top_level.txt
[3.518s] reading manifest file 'build/open_cv_example/open_cv_example.egg-info/SOURCES.txt'
[3.535s] adding license file 'LICENSE'
[3.537s] writing manifest file 'build/open_cv_example/open_cv_example.egg-info/SOURCES.txt'
[3.537s] running build
[3.538s] running build_py
[3.557s] copying open_cv_example/camara.py -> /home/emilio/open_cv_example/build/open_cv_example/build/lib/open_cv_example
[3.557s] running install
[3.557s] running install_lib
[3.558s] copying /home/emilio/open_cv_example/build/open_cv_example/build/lib/open_cv_example/camara.py -> /home/emilio/open_cv_example/install/open_cv_example/lib/python3.10/site-packages/open_cv_example
[3.559s] byte-compiling /home/emilio/open_cv_example/install/open_cv_example/lib/python3.10/site-packages/open_cv_example/camara.py to camara.cpython-310.pyc
[3.560s] running install_data
[3.635s] running install_egg_info
[3.641s] removing '/home/emilio/open_cv_example/install/open_cv_example/lib/python3.10/site-packages/open_cv_example-0.0.0-py3.10.egg-info' (and everything under it)
[3.643s] Copying build/open_cv_example/open_cv_example.egg-info to /home/emilio/open_cv_example/install/open_cv_example/lib/python3.10/site-packages/open_cv_example-0.0.0-py3.10.egg-info
[3.699s] running install_scripts
[3.747s] Installing camara script to /home/emilio/open_cv_example/install/open_cv_example/lib/open_cv_example
[3.755s] Installing cv_example script to /home/emilio/open_cv_example/install/open_cv_example/lib/open_cv_example
[3.756s] writing list of installed files to '/home/emilio/open_cv_example/build/open_cv_example/install.log'
[3.785s] Invoked command in '/home/emilio/open_cv_example' returned '0': PYTHONPATH=/home/emilio/open_cv_example/build/open_cv_example/prefix_override:/home/emilio/open_cv_example/install/open_cv_example/lib/python3.10/site-packages:${PYTHONPATH} /usr/bin/python3 setup.py egg_info --egg-base build/open_cv_example build --build-base /home/emilio/open_cv_example/build/open_cv_example/build install --record /home/emilio/open_cv_example/build/open_cv_example/install.log --single-version-externally-managed
