[0.744s] Invoking command in '/home/emilio/open_cv_example': PYTHONPATH=/home/emilio/open_cv_example/build/open_cv_example/prefix_override:/home/emilio/open_cv_example/install/open_cv_example/lib/python3.10/site-packages:${PYTHONPATH} /usr/bin/python3 setup.py egg_info --egg-base build/open_cv_example build --build-base /home/emilio/open_cv_example/build/open_cv_example/build install --record /home/emilio/open_cv_example/build/open_cv_example/install.log --single-version-externally-managed
[0.953s] running egg_info
[0.954s] writing build/open_cv_example/open_cv_example.egg-info/PKG-INFO
[0.954s] writing dependency_links to build/open_cv_example/open_cv_example.egg-info/dependency_links.txt
[0.954s] writing entry points to build/open_cv_example/open_cv_example.egg-info/entry_points.txt
[0.954s] writing requirements to build/open_cv_example/open_cv_example.egg-info/requires.txt
[0.954s] writing top-level names to build/open_cv_example/open_cv_example.egg-info/top_level.txt
[0.955s] reading manifest file 'build/open_cv_example/open_cv_example.egg-info/SOURCES.txt'
[0.955s] adding license file 'LICENSE'
[0.956s] writing manifest file 'build/open_cv_example/open_cv_example.egg-info/SOURCES.txt'
[0.956s] running build
[0.956s] running build_py
[0.956s] copying open_cv_example/camara.py -> /home/emilio/open_cv_example/build/open_cv_example/build/lib/open_cv_example
[0.956s] running install
[0.957s] running install_lib
[0.957s] copying /home/emilio/open_cv_example/build/open_cv_example/build/lib/open_cv_example/camara.py -> /home/emilio/open_cv_example/install/open_cv_example/lib/python3.10/site-packages/open_cv_example
[0.958s] byte-compiling /home/emilio/open_cv_example/install/open_cv_example/lib/python3.10/site-packages/open_cv_example/camara.py to camara.cpython-310.pyc
[0.959s] running install_data
[0.959s] running install_egg_info
[0.960s] removing '/home/emilio/open_cv_example/install/open_cv_example/lib/python3.10/site-packages/open_cv_example-0.0.0-py3.10.egg-info' (and everything under it)
[0.960s] Copying build/open_cv_example/open_cv_example.egg-info to /home/emilio/open_cv_example/install/open_cv_example/lib/python3.10/site-packages/open_cv_example-0.0.0-py3.10.egg-info
[0.961s] running install_scripts
[0.976s] Installing camara script to /home/emilio/open_cv_example/install/open_cv_example/lib/open_cv_example
[0.976s] Installing camara_sub script to /home/emilio/open_cv_example/install/open_cv_example/lib/open_cv_example
[0.976s] Installing cv_example script to /home/emilio/open_cv_example/install/open_cv_example/lib/open_cv_example
[0.976s] Installing movimiento_camara script to /home/emilio/open_cv_example/install/open_cv_example/lib/open_cv_example
[0.976s] writing list of installed files to '/home/emilio/open_cv_example/build/open_cv_example/install.log'
[0.992s] Invoked command in '/home/emilio/open_cv_example' returned '0': PYTHONPATH=/home/emilio/open_cv_example/build/open_cv_example/prefix_override:/home/emilio/open_cv_example/install/open_cv_example/lib/python3.10/site-packages:${PYTHONPATH} /usr/bin/python3 setup.py egg_info --egg-base build/open_cv_example build --build-base /home/emilio/open_cv_example/build/open_cv_example/build install --record /home/emilio/open_cv_example/build/open_cv_example/install.log --single-version-externally-managed
