running egg_info
creating build/open_cv_example/open_cv_example.egg-info
writing build/open_cv_example/open_cv_example.egg-info/PKG-INFO
writing dependency_links to build/open_cv_example/open_cv_example.egg-info/dependency_links.txt
writing entry points to build/open_cv_example/open_cv_example.egg-info/entry_points.txt
writing requirements to build/open_cv_example/open_cv_example.egg-info/requires.txt
writing top-level names to build/open_cv_example/open_cv_example.egg-info/top_level.txt
writing manifest file 'build/open_cv_example/open_cv_example.egg-info/SOURCES.txt'
reading manifest file 'build/open_cv_example/open_cv_example.egg-info/SOURCES.txt'
adding license file 'LICENSE'
writing manifest file 'build/open_cv_example/open_cv_example.egg-info/SOURCES.txt'
running build
running build_py
creating /home/emilio/open_cv_example/build/open_cv_example/build
creating /home/emilio/open_cv_example/build/open_cv_example/build/lib
creating /home/emilio/open_cv_example/build/open_cv_example/build/lib/open_cv_example
copying open_cv_example/__init__.py -> /home/emilio/open_cv_example/build/open_cv_example/build/lib/open_cv_example
copying open_cv_example/cv_example.py -> /home/emilio/open_cv_example/build/open_cv_example/build/lib/open_cv_example
running install
running install_lib
creating /home/emilio/open_cv_example/install/open_cv_example/lib/python3.10/site-packages/open_cv_example
copying /home/emilio/open_cv_example/build/open_cv_example/build/lib/open_cv_example/__init__.py -> /home/emilio/open_cv_example/install/open_cv_example/lib/python3.10/site-packages/open_cv_example
copying /home/emilio/open_cv_example/build/open_cv_example/build/lib/open_cv_example/cv_example.py -> /home/emilio/open_cv_example/install/open_cv_example/lib/python3.10/site-packages/open_cv_example
byte-compiling /home/emilio/open_cv_example/install/open_cv_example/lib/python3.10/site-packages/open_cv_example/__init__.py to __init__.cpython-310.pyc
byte-compiling /home/emilio/open_cv_example/install/open_cv_example/lib/python3.10/site-packages/open_cv_example/cv_example.py to cv_example.cpython-310.pyc
running install_data
creating /home/emilio/open_cv_example/install/open_cv_example/share/ament_index
creating /home/emilio/open_cv_example/install/open_cv_example/share/ament_index/resource_index
creating /home/emilio/open_cv_example/install/open_cv_example/share/ament_index/resource_index/packages
copying resource/open_cv_example -> /home/emilio/open_cv_example/install/open_cv_example/share/ament_index/resource_index/packages
copying package.xml -> /home/emilio/open_cv_example/install/open_cv_example/share/open_cv_example
running install_egg_info
Copying build/open_cv_example/open_cv_example.egg-info to /home/emilio/open_cv_example/install/open_cv_example/lib/python3.10/site-packages/open_cv_example-0.0.0-py3.10.egg-info
running install_scripts
Installing cv_example script to /home/emilio/open_cv_example/install/open_cv_example/lib/open_cv_example
writing list of installed files to '/home/emilio/open_cv_example/build/open_cv_example/install.log'
