[1.690s] Invoking command in '/home/emilio/open_cv_example': PYTHONPATH=/home/emilio/open_cv_example/build/open_cv_example/prefix_override:/home/emilio/open_cv_example/install/open_cv_example/lib/python3.10/site-packages:${PYTHONPATH} /usr/bin/python3 setup.py egg_info --egg-base build/open_cv_example build --build-base /home/emilio/open_cv_example/build/open_cv_example/build install --record /home/emilio/open_cv_example/build/open_cv_example/install.log --single-version-externally-managed
[1.912s] running egg_info
[1.912s] creating build/open_cv_example/open_cv_example.egg-info
[1.912s] writing build/open_cv_example/open_cv_example.egg-info/PKG-INFO
[1.912s] writing dependency_links to build/open_cv_example/open_cv_example.egg-info/dependency_links.txt
[1.912s] writing entry points to build/open_cv_example/open_cv_example.egg-info/entry_points.txt
[1.913s] writing requirements to build/open_cv_example/open_cv_example.egg-info/requires.txt
[1.913s] writing top-level names to build/open_cv_example/open_cv_example.egg-info/top_level.txt
[1.913s] writing manifest file 'build/open_cv_example/open_cv_example.egg-info/SOURCES.txt'
[1.914s] reading manifest file 'build/open_cv_example/open_cv_example.egg-info/SOURCES.txt'
[1.914s] adding license file 'LICENSE'
[1.914s] writing manifest file 'build/open_cv_example/open_cv_example.egg-info/SOURCES.txt'
[1.914s] running build
[1.914s] running build_py
[1.914s] creating /home/emilio/open_cv_example/build/open_cv_example/build
[1.915s] creating /home/emilio/open_cv_example/build/open_cv_example/build/lib
[1.915s] creating /home/emilio/open_cv_example/build/open_cv_example/build/lib/open_cv_example
[1.915s] copying open_cv_example/__init__.py -> /home/emilio/open_cv_example/build/open_cv_example/build/lib/open_cv_example
[1.915s] copying open_cv_example/cv_example.py -> /home/emilio/open_cv_example/build/open_cv_example/build/lib/open_cv_example
[1.915s] running install
[1.915s] running install_lib
[1.915s] creating /home/emilio/open_cv_example/install/open_cv_example/lib/python3.10/site-packages/open_cv_example
[1.916s] copying /home/emilio/open_cv_example/build/open_cv_example/build/lib/open_cv_example/__init__.py -> /home/emilio/open_cv_example/install/open_cv_example/lib/python3.10/site-packages/open_cv_example
[1.916s] copying /home/emilio/open_cv_example/build/open_cv_example/build/lib/open_cv_example/cv_example.py -> /home/emilio/open_cv_example/install/open_cv_example/lib/python3.10/site-packages/open_cv_example
[1.916s] byte-compiling /home/emilio/open_cv_example/install/open_cv_example/lib/python3.10/site-packages/open_cv_example/__init__.py to __init__.cpython-310.pyc
[1.916s] byte-compiling /home/emilio/open_cv_example/install/open_cv_example/lib/python3.10/site-packages/open_cv_example/cv_example.py to cv_example.cpython-310.pyc
[1.917s] running install_data
[1.917s] creating /home/emilio/open_cv_example/install/open_cv_example/share/ament_index
[1.917s] creating /home/emilio/open_cv_example/install/open_cv_example/share/ament_index/resource_index
[1.917s] creating /home/emilio/open_cv_example/install/open_cv_example/share/ament_index/resource_index/packages
[1.917s] copying resource/open_cv_example -> /home/emilio/open_cv_example/install/open_cv_example/share/ament_index/resource_index/packages
[1.918s] copying package.xml -> /home/emilio/open_cv_example/install/open_cv_example/share/open_cv_example
[1.918s] running install_egg_info
[1.919s] Copying build/open_cv_example/open_cv_example.egg-info to /home/emilio/open_cv_example/install/open_cv_example/lib/python3.10/site-packages/open_cv_example-0.0.0-py3.10.egg-info
[1.919s] running install_scripts
[1.937s] Installing cv_example script to /home/emilio/open_cv_example/install/open_cv_example/lib/open_cv_example
[1.937s] writing list of installed files to '/home/emilio/open_cv_example/build/open_cv_example/install.log'
[1.954s] Invoked command in '/home/emilio/open_cv_example' returned '0': PYTHONPATH=/home/emilio/open_cv_example/build/open_cv_example/prefix_override:/home/emilio/open_cv_example/install/open_cv_example/lib/python3.10/site-packages:${PYTHONPATH} /usr/bin/python3 setup.py egg_info --egg-base build/open_cv_example build --build-base /home/emilio/open_cv_example/build/open_cv_example/build install --record /home/emilio/open_cv_example/build/open_cv_example/install.log --single-version-externally-managed
