[0.764s] Invoking command in '/home/emilio/open_cv_example': PYTHONPATH=/home/emilio/open_cv_example/build/open_cv_example/prefix_override:/home/emilio/open_cv_example/install/open_cv_example/lib/python3.10/site-packages:${PYTHONPATH} /usr/bin/python3 setup.py egg_info --egg-base build/open_cv_example build --build-base /home/emilio/open_cv_example/build/open_cv_example/build install --record /home/emilio/open_cv_example/build/open_cv_example/install.log --single-version-externally-managed
[1.004s] running egg_info
[1.005s] writing build/open_cv_example/open_cv_example.egg-info/PKG-INFO
[1.005s] writing dependency_links to build/open_cv_example/open_cv_example.egg-info/dependency_links.txt
[1.005s] writing entry points to build/open_cv_example/open_cv_example.egg-info/entry_points.txt
[1.005s] writing requirements to build/open_cv_example/open_cv_example.egg-info/requires.txt
[1.005s] writing top-level names to build/open_cv_example/open_cv_example.egg-info/top_level.txt
[1.007s] reading manifest file 'build/open_cv_example/open_cv_example.egg-info/SOURCES.txt'
[1.007s] adding license file 'LICENSE'
[1.007s] writing manifest file 'build/open_cv_example/open_cv_example.egg-info/SOURCES.txt'
[1.008s] running build
[1.008s] running build_py
[1.008s] copying open_cv_example/camara.py -> /home/emilio/open_cv_example/build/open_cv_example/build/lib/open_cv_example
[1.008s] running install
[1.008s] running install_lib
[1.009s] copying /home/emilio/open_cv_example/build/open_cv_example/build/lib/open_cv_example/camara.py -> /home/emilio/open_cv_example/install/open_cv_example/lib/python3.10/site-packages/open_cv_example
[1.009s] byte-compiling /home/emilio/open_cv_example/install/open_cv_example/lib/python3.10/site-packages/open_cv_example/camara.py to camara.cpython-310.pyc
[1.010s] running install_data
[1.011s] running install_egg_info
[1.012s] removing '/home/emilio/open_cv_example/install/open_cv_example/lib/python3.10/site-packages/open_cv_example-0.0.0-py3.10.egg-info' (and everything under it)
[1.012s] Copying build/open_cv_example/open_cv_example.egg-info to /home/emilio/open_cv_example/install/open_cv_example/lib/python3.10/site-packages/open_cv_example-0.0.0-py3.10.egg-info
[1.013s] running install_scripts
[1.031s] Installing camara script to /home/emilio/open_cv_example/install/open_cv_example/lib/open_cv_example
[1.031s] Installing cv_example script to /home/emilio/open_cv_example/install/open_cv_example/lib/open_cv_example
[1.031s] writing list of installed files to '/home/emilio/open_cv_example/build/open_cv_example/install.log'
[1.048s] Invoked command in '/home/emilio/open_cv_example' returned '0': PYTHONPATH=/home/emilio/open_cv_example/build/open_cv_example/prefix_override:/home/emilio/open_cv_example/install/open_cv_example/lib/python3.10/site-packages:${PYTHONPATH} /usr/bin/python3 setup.py egg_info --egg-base build/open_cv_example build --build-base /home/emilio/open_cv_example/build/open_cv_example/build install --record /home/emilio/open_cv_example/build/open_cv_example/install.log --single-version-externally-managed
