[3.623s] Invoking command in '/home/emilio/open_cv_example': PYTHONPATH=/home/emilio/open_cv_example/build/open_cv_example/prefix_override:/home/emilio/open_cv_example/install/open_cv_example/lib/python3.10/site-packages:${PYTHONPATH} /usr/bin/python3 setup.py egg_info --egg-base build/open_cv_example build --build-base /home/emilio/open_cv_example/build/open_cv_example/build install --record /home/emilio/open_cv_example/build/open_cv_example/install.log --single-version-externally-managed
[3.844s] running egg_info
[3.845s] writing build/open_cv_example/open_cv_example.egg-info/PKG-INFO
[3.878s] writing dependency_links to build/open_cv_example/open_cv_example.egg-info/dependency_links.txt
[3.879s] writing entry points to build/open_cv_example/open_cv_example.egg-info/entry_points.txt
[3.879s] writing requirements to build/open_cv_example/open_cv_example.egg-info/requires.txt
[3.879s] writing top-level names to build/open_cv_example/open_cv_example.egg-info/top_level.txt
[3.886s] reading manifest file 'build/open_cv_example/open_cv_example.egg-info/SOURCES.txt'
[3.949s] adding license file 'LICENSE'
[3.951s] writing manifest file 'build/open_cv_example/open_cv_example.egg-info/SOURCES.txt'
[3.951s] running build
[3.952s] running build_py
[3.993s] copying open_cv_example/cv_example.py -> /home/emilio/open_cv_example/build/open_cv_example/build/lib/open_cv_example
[3.993s] running install
[3.994s] running install_lib
[4.060s] copying /home/emilio/open_cv_example/build/open_cv_example/build/lib/open_cv_example/cv_example.py -> /home/emilio/open_cv_example/install/open_cv_example/lib/python3.10/site-packages/open_cv_example
[4.071s] byte-compiling /home/emilio/open_cv_example/install/open_cv_example/lib/python3.10/site-packages/open_cv_example/cv_example.py to cv_example.cpython-310.pyc
[4.072s] running install_data
[4.075s] running install_egg_info
[4.077s] removing '/home/emilio/open_cv_example/install/open_cv_example/lib/python3.10/site-packages/open_cv_example-0.0.0-py3.10.egg-info' (and everything under it)
[4.077s] Copying build/open_cv_example/open_cv_example.egg-info to /home/emilio/open_cv_example/install/open_cv_example/lib/python3.10/site-packages/open_cv_example-0.0.0-py3.10.egg-info
[4.111s] running install_scripts
[4.148s] Installing camara script to /home/emilio/open_cv_example/install/open_cv_example/lib/open_cv_example
[4.148s] Installing camara_sub script to /home/emilio/open_cv_example/install/open_cv_example/lib/open_cv_example
[4.148s] Installing cv_example script to /home/emilio/open_cv_example/install/open_cv_example/lib/open_cv_example
[4.148s] Installing movimiento_camara script to /home/emilio/open_cv_example/install/open_cv_example/lib/open_cv_example
[4.148s] writing list of installed files to '/home/emilio/open_cv_example/build/open_cv_example/install.log'
[4.164s] Invoked command in '/home/emilio/open_cv_example' returned '0': PYTHONPATH=/home/emilio/open_cv_example/build/open_cv_example/prefix_override:/home/emilio/open_cv_example/install/open_cv_example/lib/python3.10/site-packages:${PYTHONPATH} /usr/bin/python3 setup.py egg_info --egg-base build/open_cv_example build --build-base /home/emilio/open_cv_example/build/open_cv_example/build install --record /home/emilio/open_cv_example/build/open_cv_example/install.log --single-version-externally-managed
