[2.692s] Invoking command in '/home/emilio/open_cv_example': PYTHONPATH=/home/emilio/open_cv_example/build/open_cv_example/prefix_override:/home/emilio/open_cv_example/install/open_cv_example/lib/python3.10/site-packages:${PYTHONPATH} /usr/bin/python3 setup.py egg_info --egg-base build/open_cv_example build --build-base /home/emilio/open_cv_example/build/open_cv_example/build install --record /home/emilio/open_cv_example/build/open_cv_example/install.log --single-version-externally-managed
[2.943s] running egg_info
[2.943s] writing build/open_cv_example/open_cv_example.egg-info/PKG-INFO
[2.944s] writing dependency_links to build/open_cv_example/open_cv_example.egg-info/dependency_links.txt
[2.944s] writing entry points to build/open_cv_example/open_cv_example.egg-info/entry_points.txt
[2.944s] writing requirements to build/open_cv_example/open_cv_example.egg-info/requires.txt
[2.944s] writing top-level names to build/open_cv_example/open_cv_example.egg-info/top_level.txt
[2.946s] reading manifest file 'build/open_cv_example/open_cv_example.egg-info/SOURCES.txt'
[2.946s] adding license file 'LICENSE'
[2.946s] writing manifest file 'build/open_cv_example/open_cv_example.egg-info/SOURCES.txt'
[2.946s] running build
[2.947s] running build_py
[2.947s] copying open_cv_example/cv_example.py -> /home/emilio/open_cv_example/build/open_cv_example/build/lib/open_cv_example
[2.996s] running install
[2.997s] running install_lib
[3.000s] copying /home/emilio/open_cv_example/build/open_cv_example/build/lib/open_cv_example/cv_example.py -> /home/emilio/open_cv_example/install/open_cv_example/lib/python3.10/site-packages/open_cv_example
[3.002s] byte-compiling /home/emilio/open_cv_example/install/open_cv_example/lib/python3.10/site-packages/open_cv_example/cv_example.py to cv_example.cpython-310.pyc
[3.004s] running install_data
[3.006s] running install_egg_info
[3.012s] removing '/home/emilio/open_cv_example/install/open_cv_example/lib/python3.10/site-packages/open_cv_example-0.0.0-py3.10.egg-info' (and everything under it)
[3.012s] Copying build/open_cv_example/open_cv_example.egg-info to /home/emilio/open_cv_example/install/open_cv_example/lib/python3.10/site-packages/open_cv_example-0.0.0-py3.10.egg-info
[3.060s] running install_scripts
[3.108s] Installing camara script to /home/emilio/open_cv_example/install/open_cv_example/lib/open_cv_example
[3.109s] Installing camara_sub script to /home/emilio/open_cv_example/install/open_cv_example/lib/open_cv_example
[3.109s] Installing cv_example script to /home/emilio/open_cv_example/install/open_cv_example/lib/open_cv_example
[3.109s] Installing movimiento_camara script to /home/emilio/open_cv_example/install/open_cv_example/lib/open_cv_example
[3.109s] writing list of installed files to '/home/emilio/open_cv_example/build/open_cv_example/install.log'
[3.128s] Invoked command in '/home/emilio/open_cv_example' returned '0': PYTHONPATH=/home/emilio/open_cv_example/build/open_cv_example/prefix_override:/home/emilio/open_cv_example/install/open_cv_example/lib/python3.10/site-packages:${PYTHONPATH} /usr/bin/python3 setup.py egg_info --egg-base build/open_cv_example build --build-base /home/emilio/open_cv_example/build/open_cv_example/build install --record /home/emilio/open_cv_example/build/open_cv_example/install.log --single-version-externally-managed
