[1.216s] DEBUG:colcon:Command line arguments: ['/usr/bin/colcon', 'build']
[1.216s] DEBUG:colcon:Parsed command line arguments: Namespace(log_base=None, log_level=None, verb_name='build', build_base='build', install_base='install', merge_install=False, symlink_install=False, test_result_base=None, continue_on_error=False, executor='parallel', parallel_workers=12, event_handlers=None, ignore_user_meta=False, metas=['./colcon.meta'], base_paths=['.'], packages_ignore=None, packages_ignore_regex=None, paths=None, packages_up_to=None, packages_up_to_regex=None, packages_above=None, packages_above_and_dependencies=None, packages_above_depth=None, packages_select_by_dep=None, packages_skip_by_dep=None, packages_skip_up_to=None, packages_select_build_failed=False, packages_skip_build_finished=False, packages_select_test_failures=False, packages_skip_test_passed=False, packages_select=None, packages_skip=None, packages_select_regex=None, packages_skip_regex=None, packages_start=None, packages_end=None, allow_overriding=[], cmake_args=None, cmake_target=None, cmake_target_skip_unavailable=False, cmake_clean_cache=False, cmake_clean_first=False, cmake_force_configure=False, ament_cmake_args=None, catkin_cmake_args=None, catkin_skip_building_tests=False, verb_parser=<colcon_defaults.argument_parser.defaults.DefaultArgumentsDecorator object at 0x768e4e079240>, verb_extension=<colcon_core.verb.build.BuildVerb object at 0x768e4e0780d0>, main=<bound method BuildVerb.main of <colcon_core.verb.build.BuildVerb object at 0x768e4e0780d0>>)
[1.288s] Level 1:colcon.colcon_core.package_discovery:discover_packages(colcon_meta) check parameters
[1.289s] Level 1:colcon.colcon_core.package_discovery:discover_packages(recursive) check parameters
[1.289s] Level 1:colcon.colcon_core.package_discovery:discover_packages(ignore) check parameters
[1.289s] Level 1:colcon.colcon_core.package_discovery:discover_packages(path) check parameters
[1.289s] Level 1:colcon.colcon_core.package_discovery:discover_packages(colcon_meta) discover
[1.289s] Level 1:colcon.colcon_core.package_discovery:discover_packages(recursive) discover
[1.289s] INFO:colcon.colcon_core.package_discovery:Crawling recursively for packages in '/home/emilio/open_cv_example'
[1.289s] Level 1:colcon.colcon_core.package_identification:_identify(.) by extensions ['ignore', 'ignore_ament_install']
[1.289s] Level 1:colcon.colcon_core.package_identification:_identify(.) by extension 'ignore'
[1.289s] Level 1:colcon.colcon_core.package_identification:_identify(.) by extension 'ignore_ament_install'
[1.289s] Level 1:colcon.colcon_core.package_identification:_identify(.) by extensions ['colcon_pkg']
[1.289s] Level 1:colcon.colcon_core.package_identification:_identify(.) by extension 'colcon_pkg'
[1.289s] Level 1:colcon.colcon_core.package_identification:_identify(.) by extensions ['colcon_meta']
[1.289s] Level 1:colcon.colcon_core.package_identification:_identify(.) by extension 'colcon_meta'
[1.289s] Level 1:colcon.colcon_core.package_identification:_identify(.) by extensions ['ros']
[1.289s] Level 1:colcon.colcon_core.package_identification:_identify(.) by extension 'ros'
[1.413s] DEBUG:colcon.colcon_core.package_identification:Package '.' with type 'ros.ament_python' and name 'open_cv_example'
[1.413s] Level 1:colcon.colcon_core.package_discovery:discover_packages(recursive) using defaults
[1.413s] Level 1:colcon.colcon_core.package_discovery:discover_packages(ignore) discover
[1.414s] Level 1:colcon.colcon_core.package_discovery:discover_packages(ignore) using defaults
[1.414s] Level 1:colcon.colcon_core.package_discovery:discover_packages(path) discover
[1.414s] Level 1:colcon.colcon_core.package_discovery:discover_packages(path) using defaults
[1.550s] Level 1:colcon.colcon_core.package_discovery:discover_packages(prefix_path) check parameters
[1.550s] Level 1:colcon.colcon_core.package_discovery:discover_packages(prefix_path) discover
[1.668s] DEBUG:colcon.colcon_installed_package_information.package_discovery:Found 3 installed packages in /home/emilio/ros2_utilities_ws/install
[1.685s] DEBUG:colcon.colcon_installed_package_information.package_discovery:Found 6 installed packages in /home/emilio/ros2_ws/install
[1.705s] DEBUG:colcon.colcon_installed_package_information.package_discovery:Found 10 installed packages in /home/emilio/dev_ws/install
[1.719s] DEBUG:colcon.colcon_installed_package_information.package_discovery:Found 341 installed packages in /opt/ros/humble
[1.720s] Level 1:colcon.colcon_core.package_discovery:discover_packages(prefix_path) using defaults
[2.256s] Level 5:colcon.colcon_core.verb:set package 'open_cv_example' build argument 'cmake_args' from command line to 'None'
[2.256s] Level 5:colcon.colcon_core.verb:set package 'open_cv_example' build argument 'cmake_target' from command line to 'None'
[2.256s] Level 5:colcon.colcon_core.verb:set package 'open_cv_example' build argument 'cmake_target_skip_unavailable' from command line to 'False'
[2.257s] Level 5:colcon.colcon_core.verb:set package 'open_cv_example' build argument 'cmake_clean_cache' from command line to 'False'
[2.257s] Level 5:colcon.colcon_core.verb:set package 'open_cv_example' build argument 'cmake_clean_first' from command line to 'False'
[2.257s] Level 5:colcon.colcon_core.verb:set package 'open_cv_example' build argument 'cmake_force_configure' from command line to 'False'
[2.257s] Level 5:colcon.colcon_core.verb:set package 'open_cv_example' build argument 'ament_cmake_args' from command line to 'None'
[2.257s] Level 5:colcon.colcon_core.verb:set package 'open_cv_example' build argument 'catkin_cmake_args' from command line to 'None'
[2.257s] Level 5:colcon.colcon_core.verb:set package 'open_cv_example' build argument 'catkin_skip_building_tests' from command line to 'False'
[2.257s] DEBUG:colcon.colcon_core.verb:Building package 'open_cv_example' with the following arguments: {'ament_cmake_args': None, 'build_base': '/home/emilio/open_cv_example/build/open_cv_example', 'catkin_cmake_args': None, 'catkin_skip_building_tests': False, 'cmake_args': None, 'cmake_clean_cache': False, 'cmake_clean_first': False, 'cmake_force_configure': False, 'cmake_target': None, 'cmake_target_skip_unavailable': False, 'install_base': '/home/emilio/open_cv_example/install/open_cv_example', 'merge_install': False, 'path': '/home/emilio/open_cv_example', 'symlink_install': False, 'test_result_base': None}
[2.269s] INFO:colcon.colcon_core.executor:Executing jobs using 'parallel' executor
[2.282s] DEBUG:colcon.colcon_parallel_executor.executor.parallel:run_until_complete
[2.283s] INFO:colcon.colcon_ros.task.ament_python.build:Building ROS package in '/home/emilio/open_cv_example' with build type 'ament_python'
[2.283s] Level 1:colcon.colcon_core.shell:create_environment_hook('open_cv_example', 'ament_prefix_path')
[2.344s] INFO:colcon.colcon_core.plugin_system:Skipping extension 'colcon_core.shell.bat': Not used on non-Windows systems
[2.345s] INFO:colcon.colcon_core.shell:Creating environment hook '/home/emilio/open_cv_example/install/open_cv_example/share/open_cv_example/hook/ament_prefix_path.ps1'
[2.372s] INFO:colcon.colcon_core.shell:Creating environment descriptor '/home/emilio/open_cv_example/install/open_cv_example/share/open_cv_example/hook/ament_prefix_path.dsv'
[2.384s] INFO:colcon.colcon_core.shell:Creating environment hook '/home/emilio/open_cv_example/install/open_cv_example/share/open_cv_example/hook/ament_prefix_path.sh'
[2.413s] INFO:colcon.colcon_core.shell:Skip shell extension 'powershell' for command environment: Not usable outside of PowerShell
[2.413s] DEBUG:colcon.colcon_core.shell:Skip shell extension 'dsv' for command environment
[2.831s] INFO:colcon.colcon_core.task.python.build:Building Python package in '/home/emilio/open_cv_example'
[2.844s] INFO:colcon.colcon_core.shell:Skip shell extension 'powershell' for command environment: Not usable outside of PowerShell
[2.844s] DEBUG:colcon.colcon_core.shell:Skip shell extension 'dsv' for command environment
[4.417s] DEBUG:colcon.colcon_core.event_handler.log_command:Invoking command in '/home/emilio/open_cv_example': PYTHONPATH=/home/emilio/open_cv_example/build/open_cv_example/prefix_override:/home/emilio/open_cv_example/install/open_cv_example/lib/python3.10/site-packages:${PYTHONPATH} /usr/bin/python3 setup.py egg_info --egg-base build/open_cv_example build --build-base /home/emilio/open_cv_example/build/open_cv_example/build install --record /home/emilio/open_cv_example/build/open_cv_example/install.log --single-version-externally-managed
[4.782s] DEBUG:colcon.colcon_core.event_handler.log_command:Invoked command in '/home/emilio/open_cv_example' returned '0': PYTHONPATH=/home/emilio/open_cv_example/build/open_cv_example/prefix_override:/home/emilio/open_cv_example/install/open_cv_example/lib/python3.10/site-packages:${PYTHONPATH} /usr/bin/python3 setup.py egg_info --egg-base build/open_cv_example build --build-base /home/emilio/open_cv_example/build/open_cv_example/build install --record /home/emilio/open_cv_example/build/open_cv_example/install.log --single-version-externally-managed
[4.866s] Level 1:colcon.colcon_core.environment:checking '/home/emilio/open_cv_example/install/open_cv_example' for CMake module files
[4.867s] Level 1:colcon.colcon_core.environment:checking '/home/emilio/open_cv_example/install/open_cv_example' for CMake config files
[4.870s] Level 1:colcon.colcon_core.environment:checking '/home/emilio/open_cv_example/install/open_cv_example/lib'
[4.870s] Level 1:colcon.colcon_core.environment:checking '/home/emilio/open_cv_example/install/open_cv_example/bin'
[4.871s] Level 1:colcon.colcon_core.environment:checking '/home/emilio/open_cv_example/install/open_cv_example/lib/pkgconfig/open_cv_example.pc'
[4.871s] Level 1:colcon.colcon_core.environment:checking '/home/emilio/open_cv_example/install/open_cv_example/lib/python3.10/site-packages'
[4.872s] Level 1:colcon.colcon_core.shell:create_environment_hook('open_cv_example', 'pythonpath')
[4.914s] INFO:colcon.colcon_core.shell:Creating environment hook '/home/emilio/open_cv_example/install/open_cv_example/share/open_cv_example/hook/pythonpath.ps1'
[4.915s] INFO:colcon.colcon_core.shell:Creating environment descriptor '/home/emilio/open_cv_example/install/open_cv_example/share/open_cv_example/hook/pythonpath.dsv'
[4.915s] INFO:colcon.colcon_core.shell:Creating environment hook '/home/emilio/open_cv_example/install/open_cv_example/share/open_cv_example/hook/pythonpath.sh'
[4.916s] Level 1:colcon.colcon_core.environment:checking '/home/emilio/open_cv_example/install/open_cv_example/bin'
[4.916s] Level 1:colcon.colcon_core.environment:create_environment_scripts_only(open_cv_example)
[4.933s] INFO:colcon.colcon_core.shell:Creating package script '/home/emilio/open_cv_example/install/open_cv_example/share/open_cv_example/package.ps1'
[4.934s] INFO:colcon.colcon_core.shell:Creating package descriptor '/home/emilio/open_cv_example/install/open_cv_example/share/open_cv_example/package.dsv'
[4.934s] INFO:colcon.colcon_core.shell:Creating package script '/home/emilio/open_cv_example/install/open_cv_example/share/open_cv_example/package.sh'
[4.935s] INFO:colcon.colcon_core.shell:Creating package script '/home/emilio/open_cv_example/install/open_cv_example/share/open_cv_example/package.bash'
[4.968s] INFO:colcon.colcon_core.shell:Creating package script '/home/emilio/open_cv_example/install/open_cv_example/share/open_cv_example/package.zsh'
[4.979s] Level 1:colcon.colcon_core.environment:create_file_with_runtime_dependencies(/home/emilio/open_cv_example/install/open_cv_example/share/colcon-core/packages/open_cv_example)
[4.980s] DEBUG:colcon.colcon_parallel_executor.executor.parallel:closing loop
[4.981s] DEBUG:colcon.colcon_parallel_executor.executor.parallel:loop closed
[4.982s] DEBUG:colcon.colcon_parallel_executor.executor.parallel:run_until_complete finished with '0'
[4.982s] DEBUG:colcon.colcon_core.event_reactor:joining thread
[5.119s] INFO:colcon.colcon_core.plugin_system:Skipping extension 'colcon_notification.desktop_notification.terminal_notifier': Not used on non-Darwin systems
[5.119s] INFO:colcon.colcon_core.plugin_system:Skipping extension 'colcon_notification.desktop_notification.win32': Not used on non-Windows systems
[5.120s] INFO:colcon.colcon_notification.desktop_notification:Sending desktop notification using 'notify2'
[5.164s] DEBUG:colcon.colcon_core.event_reactor:joined thread
[5.195s] INFO:colcon.colcon_core.shell:Creating prefix script '/home/emilio/open_cv_example/install/local_setup.ps1'
[5.196s] INFO:colcon.colcon_core.shell:Creating prefix util module '/home/emilio/open_cv_example/install/_local_setup_util_ps1.py'
[5.197s] INFO:colcon.colcon_core.shell:Creating prefix chain script '/home/emilio/open_cv_example/install/setup.ps1'
[5.213s] INFO:colcon.colcon_core.shell:Creating prefix script '/home/emilio/open_cv_example/install/local_setup.sh'
[5.213s] INFO:colcon.colcon_core.shell:Creating prefix util module '/home/emilio/open_cv_example/install/_local_setup_util_sh.py'
[5.214s] INFO:colcon.colcon_core.shell:Creating prefix chain script '/home/emilio/open_cv_example/install/setup.sh'
[5.229s] INFO:colcon.colcon_core.shell:Creating prefix script '/home/emilio/open_cv_example/install/local_setup.bash'
[5.229s] INFO:colcon.colcon_core.shell:Creating prefix chain script '/home/emilio/open_cv_example/install/setup.bash'
[5.244s] INFO:colcon.colcon_core.shell:Creating prefix script '/home/emilio/open_cv_example/install/local_setup.zsh'
[5.245s] INFO:colcon.colcon_core.shell:Creating prefix chain script '/home/emilio/open_cv_example/install/setup.zsh'
