/home/emilio/open_cv_example/install/open_cv_example/lib/python3.10/site-packages/open_cv_example/movimiento_camara.py
/home/emilio/open_cv_example/install/open_cv_example/lib/python3.10/site-packages/open_cv_example/__init__.py
/home/emilio/open_cv_example/install/open_cv_example/lib/python3.10/site-packages/open_cv_example/camara.py
/home/emilio/open_cv_example/install/open_cv_example/lib/python3.10/site-packages/open_cv_example/camara_sub.py
/home/emilio/open_cv_example/install/open_cv_example/lib/python3.10/site-packages/open_cv_example/cv_example.py
/home/emilio/open_cv_example/install/open_cv_example/lib/python3.10/site-packages/open_cv_example/__pycache__/movimiento_camara.cpython-310.pyc
/home/emilio/open_cv_example/install/open_cv_example/lib/python3.10/site-packages/open_cv_example/__pycache__/__init__.cpython-310.pyc
/home/emilio/open_cv_example/install/open_cv_example/lib/python3.10/site-packages/open_cv_example/__pycache__/camara.cpython-310.pyc
/home/emilio/open_cv_example/install/open_cv_example/lib/python3.10/site-packages/open_cv_example/__pycache__/camara_sub.cpython-310.pyc
/home/emilio/open_cv_example/install/open_cv_example/lib/python3.10/site-packages/open_cv_example/__pycache__/cv_example.cpython-310.pyc
/home/emilio/open_cv_example/install/open_cv_example/share/ament_index/resource_index/packages/open_cv_example
/home/emilio/open_cv_example/install/open_cv_example/share/open_cv_example/package.xml
/home/emilio/open_cv_example/install/open_cv_example/lib/python3.10/site-packages/open_cv_example-0.0.0-py3.10.egg-info/SOURCES.txt
/home/emilio/open_cv_example/install/open_cv_example/lib/python3.10/site-packages/open_cv_example-0.0.0-py3.10.egg-info/dependency_links.txt
/home/emilio/open_cv_example/install/open_cv_example/lib/python3.10/site-packages/open_cv_example-0.0.0-py3.10.egg-info/entry_points.txt
/home/emilio/open_cv_example/install/open_cv_example/lib/python3.10/site-packages/open_cv_example-0.0.0-py3.10.egg-info/PKG-INFO
/home/emilio/open_cv_example/install/open_cv_example/lib/python3.10/site-packages/open_cv_example-0.0.0-py3.10.egg-info/requires.txt
/home/emilio/open_cv_example/install/open_cv_example/lib/python3.10/site-packages/open_cv_example-0.0.0-py3.10.egg-info/top_level.txt
/home/emilio/open_cv_example/install/open_cv_example/lib/python3.10/site-packages/open_cv_example-0.0.0-py3.10.egg-info/zip-safe
/home/emilio/open_cv_example/install/open_cv_example/lib/open_cv_example/camara
/home/emilio/open_cv_example/install/open_cv_example/lib/open_cv_example/camara_sub
/home/emilio/open_cv_example/install/open_cv_example/lib/open_cv_example/cv_example
/home/emilio/open_cv_example/install/open_cv_example/lib/open_cv_example/movimiento_camara
