[0.771s] Invoking command in '/home/emilio/open_cv_example': PYTHONPATH=/home/emilio/open_cv_example/build/open_cv_example/prefix_override:/home/emilio/open_cv_example/install/open_cv_example/lib/python3.10/site-packages:${PYTHONPATH} /usr/bin/python3 setup.py egg_info --egg-base build/open_cv_example build --build-base /home/emilio/open_cv_example/build/open_cv_example/build install --record /home/emilio/open_cv_example/build/open_cv_example/install.log --single-version-externally-managed
[0.988s] running egg_info
[0.988s] writing build/open_cv_example/open_cv_example.egg-info/PKG-INFO
[0.988s] writing dependency_links to build/open_cv_example/open_cv_example.egg-info/dependency_links.txt
[0.988s] writing entry points to build/open_cv_example/open_cv_example.egg-info/entry_points.txt
[0.988s] writing requirements to build/open_cv_example/open_cv_example.egg-info/requires.txt
[0.989s] writing top-level names to build/open_cv_example/open_cv_example.egg-info/top_level.txt
[0.990s] reading manifest file 'build/open_cv_example/open_cv_example.egg-info/SOURCES.txt'
[0.990s] adding license file 'LICENSE'
[0.990s] writing manifest file 'build/open_cv_example/open_cv_example.egg-info/SOURCES.txt'
[0.990s] running build
[0.990s] running build_py
[0.991s] running install
[0.991s] running install_lib
[0.992s] running install_data
[0.992s] running install_egg_info
[0.993s] removing '/home/emilio/open_cv_example/install/open_cv_example/lib/python3.10/site-packages/open_cv_example-0.0.0-py3.10.egg-info' (and everything under it)
[0.994s] Copying build/open_cv_example/open_cv_example.egg-info to /home/emilio/open_cv_example/install/open_cv_example/lib/python3.10/site-packages/open_cv_example-0.0.0-py3.10.egg-info
[0.994s] running install_scripts
[1.012s] Installing camara script to /home/emilio/open_cv_example/install/open_cv_example/lib/open_cv_example
[1.012s] Installing camara_sub script to /home/emilio/open_cv_example/install/open_cv_example/lib/open_cv_example
[1.012s] Installing cv_example script to /home/emilio/open_cv_example/install/open_cv_example/lib/open_cv_example
[1.013s] Installing movimiento_camara script to /home/emilio/open_cv_example/install/open_cv_example/lib/open_cv_example
[1.013s] writing list of installed files to '/home/emilio/open_cv_example/build/open_cv_example/install.log'
[1.028s] Invoked command in '/home/emilio/open_cv_example' returned '0': PYTHONPATH=/home/emilio/open_cv_example/build/open_cv_example/prefix_override:/home/emilio/open_cv_example/install/open_cv_example/lib/python3.10/site-packages:${PYTHONPATH} /usr/bin/python3 setup.py egg_info --egg-base build/open_cv_example build --build-base /home/emilio/open_cv_example/build/open_cv_example/build install --record /home/emilio/open_cv_example/build/open_cv_example/install.log --single-version-externally-managed
