[1.786s] Invoking command in '/home/emilio/open_cv_example': PYTHONPATH=/home/emilio/open_cv_example/build/open_cv_example/prefix_override:/home/emilio/open_cv_example/install/open_cv_example/lib/python3.10/site-packages:${PYTHONPATH} /usr/bin/python3 setup.py egg_info --egg-base build/open_cv_example build --build-base /home/emilio/open_cv_example/build/open_cv_example/build install --record /home/emilio/open_cv_example/build/open_cv_example/install.log --single-version-externally-managed
[1.972s] running egg_info
[1.972s] writing build/open_cv_example/open_cv_example.egg-info/PKG-INFO
[1.972s] writing dependency_links to build/open_cv_example/open_cv_example.egg-info/dependency_links.txt
[1.973s] writing entry points to build/open_cv_example/open_cv_example.egg-info/entry_points.txt
[1.973s] writing requirements to build/open_cv_example/open_cv_example.egg-info/requires.txt
[1.973s] writing top-level names to build/open_cv_example/open_cv_example.egg-info/top_level.txt
[1.974s] reading manifest file 'build/open_cv_example/open_cv_example.egg-info/SOURCES.txt'
[2.011s] adding license file 'LICENSE'
[2.011s] writing manifest file 'build/open_cv_example/open_cv_example.egg-info/SOURCES.txt'
[2.012s] running build
[2.012s] running build_py
[2.012s] running install
[2.012s] running install_lib
[2.013s] running install_data
[2.014s] running install_egg_info
[2.015s] removing '/home/emilio/open_cv_example/install/open_cv_example/lib/python3.10/site-packages/open_cv_example-0.0.0-py3.10.egg-info' (and everything under it)
[2.015s] Copying build/open_cv_example/open_cv_example.egg-info to /home/emilio/open_cv_example/install/open_cv_example/lib/python3.10/site-packages/open_cv_example-0.0.0-py3.10.egg-info
[2.033s] running install_scripts
[2.079s] Installing camara script to /home/emilio/open_cv_example/install/open_cv_example/lib/open_cv_example
[2.079s] Installing camara_sub script to /home/emilio/open_cv_example/install/open_cv_example/lib/open_cv_example
[2.079s] Installing cv_example script to /home/emilio/open_cv_example/install/open_cv_example/lib/open_cv_example
[2.079s] Installing movimiento_camara script to /home/emilio/open_cv_example/install/open_cv_example/lib/open_cv_example
[2.079s] writing list of installed files to '/home/emilio/open_cv_example/build/open_cv_example/install.log'
[2.097s] Invoked command in '/home/emilio/open_cv_example' returned '0': PYTHONPATH=/home/emilio/open_cv_example/build/open_cv_example/prefix_override:/home/emilio/open_cv_example/install/open_cv_example/lib/python3.10/site-packages:${PYTHONPATH} /usr/bin/python3 setup.py egg_info --egg-base build/open_cv_example build --build-base /home/emilio/open_cv_example/build/open_cv_example/build install --record /home/emilio/open_cv_example/build/open_cv_example/install.log --single-version-externally-managed
