[0.837s] Invoking command in '/home/emilio/open_cv_example': PYTHONPATH=/home/emilio/open_cv_example/build/open_cv_example/prefix_override:/home/emilio/open_cv_example/install/open_cv_example/lib/python3.10/site-packages:${PYTHONPATH} /usr/bin/python3 setup.py egg_info --egg-base build/open_cv_example build --build-base /home/emilio/open_cv_example/build/open_cv_example/build install --record /home/emilio/open_cv_example/build/open_cv_example/install.log --single-version-externally-managed
[1.047s] running egg_info
[1.048s] writing build/open_cv_example/open_cv_example.egg-info/PKG-INFO
[1.048s] writing dependency_links to build/open_cv_example/open_cv_example.egg-info/dependency_links.txt
[1.048s] writing entry points to build/open_cv_example/open_cv_example.egg-info/entry_points.txt
[1.048s] writing requirements to build/open_cv_example/open_cv_example.egg-info/requires.txt
[1.048s] writing top-level names to build/open_cv_example/open_cv_example.egg-info/top_level.txt
[1.050s] reading manifest file 'build/open_cv_example/open_cv_example.egg-info/SOURCES.txt'
[1.050s] adding license file 'LICENSE'
[1.050s] writing manifest file 'build/open_cv_example/open_cv_example.egg-info/SOURCES.txt'
[1.050s] running build
[1.050s] running build_py
[1.051s] copying open_cv_example/camara.py -> /home/emilio/open_cv_example/build/open_cv_example/build/lib/open_cv_example
[1.051s] running install
[1.051s] running install_lib
[1.051s] copying /home/emilio/open_cv_example/build/open_cv_example/build/lib/open_cv_example/camara.py -> /home/emilio/open_cv_example/install/open_cv_example/lib/python3.10/site-packages/open_cv_example
[1.052s] byte-compiling /home/emilio/open_cv_example/install/open_cv_example/lib/python3.10/site-packages/open_cv_example/camara.py to camara.cpython-310.pyc
[1.052s] running install_data
[1.053s] running install_egg_info
[1.054s] removing '/home/emilio/open_cv_example/install/open_cv_example/lib/python3.10/site-packages/open_cv_example-0.0.0-py3.10.egg-info' (and everything under it)
[1.054s] Copying build/open_cv_example/open_cv_example.egg-info to /home/emilio/open_cv_example/install/open_cv_example/lib/python3.10/site-packages/open_cv_example-0.0.0-py3.10.egg-info
[1.055s] running install_scripts
[1.070s] Installing camara script to /home/emilio/open_cv_example/install/open_cv_example/lib/open_cv_example
[1.070s] Installing cv_example script to /home/emilio/open_cv_example/install/open_cv_example/lib/open_cv_example
[1.070s] writing list of installed files to '/home/emilio/open_cv_example/build/open_cv_example/install.log'
[1.086s] Invoked command in '/home/emilio/open_cv_example' returned '0': PYTHONPATH=/home/emilio/open_cv_example/build/open_cv_example/prefix_override:/home/emilio/open_cv_example/install/open_cv_example/lib/python3.10/site-packages:${PYTHONPATH} /usr/bin/python3 setup.py egg_info --egg-base build/open_cv_example build --build-base /home/emilio/open_cv_example/build/open_cv_example/build install --record /home/emilio/open_cv_example/build/open_cv_example/install.log --single-version-externally-managed
