[0.833s] Invoking command in '/home/emilio/open_cv_example': PYTHONPATH=/home/emilio/open_cv_example/build/open_cv_example/prefix_override:/home/emilio/open_cv_example/install/open_cv_example/lib/python3.10/site-packages:${PYTHONPATH} /usr/bin/python3 setup.py egg_info --egg-base build/open_cv_example build --build-base /home/emilio/open_cv_example/build/open_cv_example/build install --record /home/emilio/open_cv_example/build/open_cv_example/install.log --single-version-externally-managed
[1.085s] running egg_info
[1.085s] writing build/open_cv_example/open_cv_example.egg-info/PKG-INFO
[1.085s] writing dependency_links to build/open_cv_example/open_cv_example.egg-info/dependency_links.txt
[1.086s] writing entry points to build/open_cv_example/open_cv_example.egg-info/entry_points.txt
[1.086s] writing requirements to build/open_cv_example/open_cv_example.egg-info/requires.txt
[1.086s] writing top-level names to build/open_cv_example/open_cv_example.egg-info/top_level.txt
[1.088s] reading manifest file 'build/open_cv_example/open_cv_example.egg-info/SOURCES.txt'
[1.088s] adding license file 'LICENSE'
[1.089s] writing manifest file 'build/open_cv_example/open_cv_example.egg-info/SOURCES.txt'
[1.090s] running build
[1.090s] running build_py
[1.090s] copying open_cv_example/movimiento_camara.py -> /home/emilio/open_cv_example/build/open_cv_example/build/lib/open_cv_example
[1.090s] running install
[1.091s] running install_lib
[1.092s] copying /home/emilio/open_cv_example/build/open_cv_example/build/lib/open_cv_example/movimiento_camara.py -> /home/emilio/open_cv_example/install/open_cv_example/lib/python3.10/site-packages/open_cv_example
[1.093s] byte-compiling /home/emilio/open_cv_example/install/open_cv_example/lib/python3.10/site-packages/open_cv_example/movimiento_camara.py to movimiento_camara.cpython-310.pyc
[1.094s] running install_data
[1.094s] running install_egg_info
[1.097s] removing '/home/emilio/open_cv_example/install/open_cv_example/lib/python3.10/site-packages/open_cv_example-0.0.0-py3.10.egg-info' (and everything under it)
[1.097s] Copying build/open_cv_example/open_cv_example.egg-info to /home/emilio/open_cv_example/install/open_cv_example/lib/python3.10/site-packages/open_cv_example-0.0.0-py3.10.egg-info
[1.098s] running install_scripts
[1.117s] Installing camara script to /home/emilio/open_cv_example/install/open_cv_example/lib/open_cv_example
[1.118s] Installing camara_sub script to /home/emilio/open_cv_example/install/open_cv_example/lib/open_cv_example
[1.118s] Installing cv_example script to /home/emilio/open_cv_example/install/open_cv_example/lib/open_cv_example
[1.118s] Installing movimiento_camara script to /home/emilio/open_cv_example/install/open_cv_example/lib/open_cv_example
[1.118s] writing list of installed files to '/home/emilio/open_cv_example/build/open_cv_example/install.log'
[1.138s] Invoked command in '/home/emilio/open_cv_example' returned '0': PYTHONPATH=/home/emilio/open_cv_example/build/open_cv_example/prefix_override:/home/emilio/open_cv_example/install/open_cv_example/lib/python3.10/site-packages:${PYTHONPATH} /usr/bin/python3 setup.py egg_info --egg-base build/open_cv_example build --build-base /home/emilio/open_cv_example/build/open_cv_example/build install --record /home/emilio/open_cv_example/build/open_cv_example/install.log --single-version-externally-managed
