[2.527s] Invoking command in '/home/emilio/open_cv_example': PYTHONPATH=/home/emilio/open_cv_example/build/open_cv_example/prefix_override:/home/emilio/open_cv_example/install/open_cv_example/lib/python3.10/site-packages:${PYTHONPATH} /usr/bin/python3 setup.py egg_info --egg-base build/open_cv_example build --build-base /home/emilio/open_cv_example/build/open_cv_example/build install --record /home/emilio/open_cv_example/build/open_cv_example/install.log --single-version-externally-managed
[2.766s] running egg_info
[2.766s] writing build/open_cv_example/open_cv_example.egg-info/PKG-INFO
[2.767s] writing dependency_links to build/open_cv_example/open_cv_example.egg-info/dependency_links.txt
[2.767s] writing entry points to build/open_cv_example/open_cv_example.egg-info/entry_points.txt
[2.767s] writing requirements to build/open_cv_example/open_cv_example.egg-info/requires.txt
[2.767s] writing top-level names to build/open_cv_example/open_cv_example.egg-info/top_level.txt
[2.908s] reading manifest file 'build/open_cv_example/open_cv_example.egg-info/SOURCES.txt'
[2.926s] adding license file 'LICENSE'
[2.929s] writing manifest file 'build/open_cv_example/open_cv_example.egg-info/SOURCES.txt'
[2.929s] running build
[2.929s] running build_py
[2.931s] copying open_cv_example/movimiento_camara.py -> /home/emilio/open_cv_example/build/open_cv_example/build/lib/open_cv_example
[2.949s] running install
[2.950s] running install_lib
[2.953s] copying /home/emilio/open_cv_example/build/open_cv_example/build/lib/open_cv_example/movimiento_camara.py -> /home/emilio/open_cv_example/install/open_cv_example/lib/python3.10/site-packages/open_cv_example
[2.955s] byte-compiling /home/emilio/open_cv_example/install/open_cv_example/lib/python3.10/site-packages/open_cv_example/movimiento_camara.py to movimiento_camara.cpython-310.pyc
[2.957s] running install_data
[2.960s] running install_egg_info
[2.965s] removing '/home/emilio/open_cv_example/install/open_cv_example/lib/python3.10/site-packages/open_cv_example-0.0.0-py3.10.egg-info' (and everything under it)
[2.966s] Copying build/open_cv_example/open_cv_example.egg-info to /home/emilio/open_cv_example/install/open_cv_example/lib/python3.10/site-packages/open_cv_example-0.0.0-py3.10.egg-info
[3.009s] running install_scripts
[3.056s] Installing camara script to /home/emilio/open_cv_example/install/open_cv_example/lib/open_cv_example
[3.065s] Installing camara_sub script to /home/emilio/open_cv_example/install/open_cv_example/lib/open_cv_example
[3.066s] Installing cv_example script to /home/emilio/open_cv_example/install/open_cv_example/lib/open_cv_example
[3.066s] Installing movimiento_camara script to /home/emilio/open_cv_example/install/open_cv_example/lib/open_cv_example
[3.066s] writing list of installed files to '/home/emilio/open_cv_example/build/open_cv_example/install.log'
[3.083s] Invoked command in '/home/emilio/open_cv_example' returned '0': PYTHONPATH=/home/emilio/open_cv_example/build/open_cv_example/prefix_override:/home/emilio/open_cv_example/install/open_cv_example/lib/python3.10/site-packages:${PYTHONPATH} /usr/bin/python3 setup.py egg_info --egg-base build/open_cv_example build --build-base /home/emilio/open_cv_example/build/open_cv_example/build install --record /home/emilio/open_cv_example/build/open_cv_example/install.log --single-version-externally-managed
