[1.935s] Invoking command in '/home/emilio/open_cv_example': PYTHONPATH=/home/emilio/open_cv_example/build/open_cv_example/prefix_override:/home/emilio/open_cv_example/install/open_cv_example/lib/python3.10/site-packages:${PYTHONPATH} /usr/bin/python3 setup.py egg_info --egg-base build/open_cv_example build --build-base /home/emilio/open_cv_example/build/open_cv_example/build install --record /home/emilio/open_cv_example/build/open_cv_example/install.log --single-version-externally-managed
[2.146s] running egg_info
[2.146s] writing build/open_cv_example/open_cv_example.egg-info/PKG-INFO
[2.147s] writing dependency_links to build/open_cv_example/open_cv_example.egg-info/dependency_links.txt
[2.147s] writing entry points to build/open_cv_example/open_cv_example.egg-info/entry_points.txt
[2.148s] writing requirements to build/open_cv_example/open_cv_example.egg-info/requires.txt
[2.148s] writing top-level names to build/open_cv_example/open_cv_example.egg-info/top_level.txt
[2.149s] reading manifest file 'build/open_cv_example/open_cv_example.egg-info/SOURCES.txt'
[2.207s] adding license file 'LICENSE'
[2.210s] writing manifest file 'build/open_cv_example/open_cv_example.egg-info/SOURCES.txt'
[2.210s] running build
[2.210s] running build_py
[2.212s] copying open_cv_example/cv_example.py -> /home/emilio/open_cv_example/build/open_cv_example/build/lib/open_cv_example
[2.213s] running install
[2.214s] running install_lib
[2.218s] copying /home/emilio/open_cv_example/build/open_cv_example/build/lib/open_cv_example/cv_example.py -> /home/emilio/open_cv_example/install/open_cv_example/lib/python3.10/site-packages/open_cv_example
[2.220s] byte-compiling /home/emilio/open_cv_example/install/open_cv_example/lib/python3.10/site-packages/open_cv_example/cv_example.py to cv_example.cpython-310.pyc
[2.221s] running install_data
[2.224s] running install_egg_info
[2.229s] removing '/home/emilio/open_cv_example/install/open_cv_example/lib/python3.10/site-packages/open_cv_example-0.0.0-py3.10.egg-info' (and everything under it)
[2.230s] Copying build/open_cv_example/open_cv_example.egg-info to /home/emilio/open_cv_example/install/open_cv_example/lib/python3.10/site-packages/open_cv_example-0.0.0-py3.10.egg-info
[2.233s] running install_scripts
[2.263s] Installing camara script to /home/emilio/open_cv_example/install/open_cv_example/lib/open_cv_example
[2.263s] Installing camara_sub script to /home/emilio/open_cv_example/install/open_cv_example/lib/open_cv_example
[2.263s] Installing cv_example script to /home/emilio/open_cv_example/install/open_cv_example/lib/open_cv_example
[2.264s] Installing movimiento_camara script to /home/emilio/open_cv_example/install/open_cv_example/lib/open_cv_example
[2.264s] writing list of installed files to '/home/emilio/open_cv_example/build/open_cv_example/install.log'
[2.280s] Invoked command in '/home/emilio/open_cv_example' returned '0': PYTHONPATH=/home/emilio/open_cv_example/build/open_cv_example/prefix_override:/home/emilio/open_cv_example/install/open_cv_example/lib/python3.10/site-packages:${PYTHONPATH} /usr/bin/python3 setup.py egg_info --egg-base build/open_cv_example build --build-base /home/emilio/open_cv_example/build/open_cv_example/build install --record /home/emilio/open_cv_example/build/open_cv_example/install.log --single-version-externally-managed
